[debug] ----------------------------------------------------------------------
[debug] Command:      /home/rafael/.nvm/versions/node/v4.4.3/bin/node /home/rafael/.nvm/versions/node/v4.4.3/bin/firebase deploy
[debug] CLI Version:  3.0.4
[debug] Platform:     linux
[debug] Node Version: v4.4.3
[debug] Time:         Wed Jul 20 2016 23:49:43 GMT-0300 (BRT)
[debug] ----------------------------------------------------------------------
[debug] 
[debug] > command requires scopes: ["email","openid","https://www.googleapis.com/auth/cloudplatformprojects.readonly","https://www.googleapis.com/auth/firebase"]
[debug] > refreshing access token with scopes: ["email","https://www.googleapis.com/auth/cloudplatformprojects.readonly","https://www.googleapis.com/auth/firebase","openid"]
[debug] >>> HTTP REQUEST POST https://www.googleapis.com/oauth2/v3/token
[debug] <<< HTTP RESPONSE 200
[debug] >>> HTTP REQUEST GET https://admin.firebase.com/v1/projects/mobiledevbh-offline 
[debug] <<< HTTP RESPONSE 200
[debug] >>> HTTP REQUEST GET https://admin.firebase.com/v1/database/mobiledevbh-offline/tokens 
[debug] <<< HTTP RESPONSE 200
[info] 
[info] === Deploying to 'mobiledevbh-offline'...
[info] 
[info] i  deploying hosting
[info] ✔  database: rules ready to deploy.
[info] i  hosting: preparing ./ directory for upload...
